<component name="libraryTable">
  <library name="junit-4.12-javadoc">
    <CLASSES>
      <root url="jar://D:/install/FOR Java/jUnit/junit-4.12.jar!/" />
    </CLASSES>
    <JAVADOC>
      <root url="jar://D:/install/FOR Java/jUnit/junit-4.12-javadoc.jar!/" />
    </JAVADOC>
    <SOURCES>
      <root url="jar://D:/install/FOR Java/jUnit/junit-4.12-sources.jar!/" />
    </SOURCES>
  </library>
</component>